{
  "C:\\Users\\alima\\Desktop\\Components\\components\\src\\components\\404 page.tsx": {
    "path": "C:\\Users\\alima\\Desktop\\Components\\components\\src\\components\\404 page.tsx",
    "statementMap": {
      "0": {
        "start": { "line": 1, "column": 0 },
        "end": { "line": 1, "column": 26 }
      },
      "1": {
        "start": { "line": 3, "column": 21 },
        "end": { "line": 10, "column": 1 }
      },
      "2": {
        "start": { "line": 4, "column": 2 },
        "end": { "line": 9, "column": 4 }
      },
      "3": {
        "start": { "line": 12, "column": 0 },
        "end": { "line": 12, "column": 28 }
      }
    },
    "fnMap": {
      "0": {
        "name": "(anonymous_1)",
        "decl": {
          "start": { "line": 3, "column": 21 },
          "end": { "line": 3, "column": null }
        },
        "loc": {
          "start": { "line": 3, "column": 21 },
          "end": { "line": 10, "column": 1 }
        }
      }
    },
    "branchMap": {},
    "s": { "0": 1, "1": 1, "2": 2, "3": 1 },
    "f": { "0": 2 },
    "b": {}
  },
  "C:\\Users\\alima\\Desktop\\Components\\components\\src\\components\\Card.tsx": {
    "path": "C:\\Users\\alima\\Desktop\\Components\\components\\src\\components\\Card.tsx",
    "statementMap": {
      "0": {
        "start": { "line": 1, "column": 0 },
        "end": { "line": 1, "column": 26 }
      },
      "1": {
        "start": { "line": 9, "column": 34 },
        "end": { "line": 21, "column": 1 }
      },
      "2": {
        "start": { "line": 9, "column": 41 },
        "end": { "line": 9, "column": 43 }
      },
      "3": {
        "start": { "line": 9, "column": 54 },
        "end": { "line": 9, "column": 56 }
      },
      "4": {
        "start": { "line": 10, "column": 2 },
        "end": { "line": 20, "column": 4 }
      },
      "5": {
        "start": { "line": 13, "column": 21 },
        "end": { "line": 13, "column": null }
      },
      "6": {
        "start": { "line": 23, "column": 0 },
        "end": { "line": 23, "column": 20 }
      }
    },
    "fnMap": {
      "0": {
        "name": "(anonymous_1)",
        "decl": {
          "start": { "line": 9, "column": 34 },
          "end": { "line": 9, "column": 35 }
        },
        "loc": {
          "start": { "line": 9, "column": 56 },
          "end": { "line": 21, "column": 1 }
        }
      },
      "1": {
        "name": "(anonymous_2)",
        "decl": {
          "start": { "line": 13, "column": 15 },
          "end": { "line": 13, "column": 21 }
        },
        "loc": {
          "start": { "line": 13, "column": 15 },
          "end": { "line": 13, "column": 32 }
        }
      }
    },
    "branchMap": {},
    "s": { "0": 2, "1": 2, "2": 16, "3": 16, "4": 16, "5": 3, "6": 2 },
    "f": { "0": 16, "1": 3 },
    "b": {}
  },
  "C:\\Users\\alima\\Desktop\\Components\\components\\src\\components\\CardList.tsx": {
    "path": "C:\\Users\\alima\\Desktop\\Components\\components\\src\\components\\CardList.tsx",
    "statementMap": {
      "0": {
        "start": { "line": 1, "column": 0 },
        "end": { "line": 1, "column": 40 }
      },
      "1": {
        "start": { "line": 2, "column": 0 },
        "end": { "line": 2, "column": 55 }
      },
      "2": {
        "start": { "line": 3, "column": 0 },
        "end": { "line": 3, "column": 43 }
      },
      "3": {
        "start": { "line": 4, "column": 0 },
        "end": { "line": 4, "column": 26 }
      },
      "4": {
        "start": { "line": 16, "column": 52 },
        "end": { "line": 59, "column": 1 }
      },
      "5": {
        "start": { "line": 17, "column": 2 },
        "end": { "line": 17, "column": 19 }
      },
      "6": {
        "start": { "line": 18, "column": 19 },
        "end": { "line": 18, "column": 32 }
      },
      "7": {
        "start": { "line": 19, "column": 42 },
        "end": { "line": 19, "column": 73 }
      },
      "8": {
        "start": { "line": 19, "column": 21 },
        "end": { "line": 19, "column": 23 }
      },
      "9": {
        "start": { "line": 19, "column": 38 },
        "end": { "line": 19, "column": 42 }
      },
      "10": {
        "start": { "line": 21, "column": 23 },
        "end": { "line": 23, "column": 3 }
      },
      "11": {
        "start": { "line": 22, "column": 4 },
        "end": { "line": 22, "column": 52 }
      },
      "12": {
        "start": { "line": 25, "column": 26 },
        "end": { "line": 28, "column": 3 }
      },
      "13": {
        "start": { "line": 26, "column": 4 },
        "end": { "line": 26, "column": 26 }
      },
      "14": {
        "start": { "line": 27, "column": 4 },
        "end": { "line": 27, "column": 51 }
      },
      "15": {
        "start": { "line": 30, "column": 24 },
        "end": { "line": 39, "column": 3 }
      },
      "16": {
        "start": { "line": 31, "column": 4 },
        "end": { "line": 38, "column": 6 }
      },
      "17": {
        "start": { "line": 34, "column": 45 },
        "end": { "line": 36, "column": 10 }
      },
      "18": {
        "start": { "line": 41, "column": 2 },
        "end": { "line": 58, "column": 4 }
      },
      "19": {
        "start": { "line": 47, "column": 51 },
        "end": { "line": 47, "column": null }
      },
      "20": {
        "start": { "line": 61, "column": 0 },
        "end": { "line": 61, "column": 29 }
      }
    },
    "fnMap": {
      "0": {
        "name": "(anonymous_7)",
        "decl": {
          "start": { "line": 16, "column": 52 },
          "end": { "line": 16, "column": 53 }
        },
        "loc": {
          "start": { "line": 16, "column": 58 },
          "end": { "line": 59, "column": 1 }
        }
      },
      "1": {
        "name": "(anonymous_8)",
        "decl": {
          "start": { "line": 21, "column": 23 },
          "end": { "line": 21, "column": null }
        },
        "loc": {
          "start": { "line": 21, "column": 23 },
          "end": { "line": 23, "column": 3 }
        }
      },
      "2": {
        "name": "(anonymous_9)",
        "decl": {
          "start": { "line": 25, "column": 26 },
          "end": { "line": 25, "column": 27 }
        },
        "loc": {
          "start": { "line": 25, "column": 41 },
          "end": { "line": 28, "column": 3 }
        }
      },
      "3": {
        "name": "(anonymous_10)",
        "decl": {
          "start": { "line": 30, "column": 24 },
          "end": { "line": 30, "column": null }
        },
        "loc": {
          "start": { "line": 30, "column": 24 },
          "end": { "line": 39, "column": 3 }
        }
      },
      "4": {
        "name": "(anonymous_11)",
        "decl": {
          "start": { "line": 34, "column": 33 },
          "end": { "line": 34, "column": 34 }
        },
        "loc": {
          "start": { "line": 34, "column": 40 },
          "end": { "line": 34, "column": null }
        }
      },
      "5": {
        "name": "(anonymous_12)",
        "decl": {
          "start": { "line": 47, "column": 45 },
          "end": { "line": 47, "column": 51 }
        },
        "loc": {
          "start": { "line": 47, "column": 45 },
          "end": { "line": 47, "column": 66 }
        }
      }
    },
    "branchMap": {
      "0": {
        "loc": {
          "start": { "line": 32, "column": 39 },
          "end": { "line": 32, "column": 72 }
        },
        "type": "cond-expr",
        "locations": [
          {
            "start": { "line": 32, "column": 54 },
            "end": { "line": 32, "column": 67 }
          },
          {
            "start": { "line": 32, "column": 70 },
            "end": { "line": 32, "column": 72 }
          }
        ]
      },
      "1": {
        "loc": {
          "start": { "line": 33, "column": 9 },
          "end": { "line": 33, "column": 48 }
        },
        "type": "cond-expr",
        "locations": [
          {
            "start": { "line": 33, "column": 27 },
            "end": { "line": 33, "column": 41 }
          },
          {
            "start": { "line": 33, "column": 44 },
            "end": { "line": 33, "column": 48 }
          }
        ]
      },
      "2": {
        "loc": {
          "start": { "line": 44, "column": 7 },
          "end": { "line": 55, "column": null }
        },
        "type": "binary-expr",
        "locations": [
          {
            "start": { "line": 44, "column": 7 },
            "end": { "line": 44, "column": 19 }
          },
          {
            "start": { "line": 45, "column": 8 },
            "end": { "line": 54, "column": null }
          }
        ]
      }
    },
    "s": {
      "0": 1,
      "1": 1,
      "2": 1,
      "3": 1,
      "4": 1,
      "5": 8,
      "6": 8,
      "7": 8,
      "8": 8,
      "9": 8,
      "10": 8,
      "11": 1,
      "12": 8,
      "13": 2,
      "14": 2,
      "15": 8,
      "16": 8,
      "17": 14,
      "18": 8,
      "19": 1,
      "20": 1
    },
    "f": { "0": 8, "1": 1, "2": 2, "3": 8, "4": 14, "5": 1 },
    "b": { "0": [2, 6], "1": [1, 7], "2": [8, 2] }
  },
  "C:\\Users\\alima\\Desktop\\Components\\components\\src\\components\\Context.tsx": {
    "path": "C:\\Users\\alima\\Desktop\\Components\\components\\src\\components\\Context.tsx",
    "statementMap": {
      "0": {
        "start": { "line": 1, "column": 0 },
        "end": { "line": 1, "column": 78 }
      },
      "1": {
        "start": { "line": 11, "column": 27 },
        "end": { "line": 12, "column": null }
      },
      "2": {
        "start": { "line": 15, "column": 30 },
        "end": { "line": 21, "column": 1 }
      },
      "3": {
        "start": { "line": 16, "column": 18 },
        "end": { "line": 16, "column": 48 }
      },
      "4": {
        "start": { "line": 17, "column": 2 },
        "end": { "line": 19, "column": null }
      },
      "5": {
        "start": { "line": 18, "column": 4 },
        "end": { "line": 18, "column": 80 }
      },
      "6": {
        "start": { "line": 20, "column": 2 },
        "end": { "line": 20, "column": 17 }
      },
      "7": {
        "start": { "line": 15, "column": 13 },
        "end": { "line": 15, "column": 30 }
      },
      "8": {
        "start": { "line": 23, "column": 35 },
        "end": { "line": 39, "column": 1 }
      },
      "9": {
        "start": { "line": 23, "column": 46 },
        "end": { "line": 23, "column": 73 }
      },
      "10": {
        "start": { "line": 24, "column": 38 },
        "end": { "line": 24, "column": 50 }
      },
      "11": {
        "start": { "line": 24, "column": 19 },
        "end": { "line": 24, "column": 21 }
      },
      "12": {
        "start": { "line": 24, "column": 34 },
        "end": { "line": 24, "column": 38 }
      },
      "13": {
        "start": { "line": 25, "column": 44 },
        "end": { "line": 25, "column": 68 }
      },
      "14": {
        "start": { "line": 25, "column": 22 },
        "end": { "line": 25, "column": 24 }
      },
      "15": {
        "start": { "line": 25, "column": 40 },
        "end": { "line": 25, "column": 44 }
      },
      "16": {
        "start": { "line": 27, "column": 2 },
        "end": { "line": 38, "column": 4 }
      },
      "17": {
        "start": { "line": 23, "column": 13 },
        "end": { "line": 23, "column": 35 }
      }
    },
    "fnMap": {
      "0": {
        "name": "(anonymous_6)",
        "decl": {
          "start": { "line": 15, "column": 30 },
          "end": { "line": 15, "column": null }
        },
        "loc": {
          "start": { "line": 15, "column": 30 },
          "end": { "line": 21, "column": 1 }
        }
      },
      "1": {
        "name": "(anonymous_7)",
        "decl": {
          "start": { "line": 23, "column": 35 },
          "end": { "line": 23, "column": 36 }
        },
        "loc": {
          "start": { "line": 23, "column": 73 },
          "end": { "line": 39, "column": 1 }
        }
      }
    },
    "branchMap": {
      "0": {
        "loc": {
          "start": { "line": 17, "column": 2 },
          "end": { "line": 19, "column": null }
        },
        "type": "if",
        "locations": [
          {
            "start": { "line": 17, "column": 2 },
            "end": { "line": 19, "column": null }
          }
        ]
      }
    },
    "s": {
      "0": 2,
      "1": 2,
      "2": 2,
      "3": 8,
      "4": 8,
      "5": 0,
      "6": 8,
      "7": 2,
      "8": 2,
      "9": 5,
      "10": 5,
      "11": 5,
      "12": 5,
      "13": 5,
      "14": 5,
      "15": 5,
      "16": 5,
      "17": 2
    },
    "f": { "0": 8, "1": 5 },
    "b": { "0": [0] }
  },
  "C:\\Users\\alima\\Desktop\\Components\\components\\src\\components\\Details.tsx": {
    "path": "C:\\Users\\alima\\Desktop\\Components\\components\\src\\components\\Details.tsx",
    "statementMap": {
      "0": {
        "start": { "line": 1, "column": 0 },
        "end": { "line": 1, "column": 26 }
      },
      "1": {
        "start": { "line": 2, "column": 0 },
        "end": { "line": 2, "column": 44 }
      },
      "2": {
        "start": { "line": 3, "column": 0 },
        "end": { "line": 3, "column": 60 }
      },
      "3": {
        "start": { "line": 4, "column": 0 },
        "end": { "line": 4, "column": 23 }
      },
      "4": {
        "start": { "line": 5, "column": 0 },
        "end": { "line": 5, "column": 42 }
      },
      "5": {
        "start": { "line": 6, "column": 0 },
        "end": { "line": 6, "column": 58 }
      },
      "6": {
        "start": { "line": 14, "column": 16 },
        "end": { "line": 74, "column": 1 }
      },
      "7": {
        "start": { "line": 15, "column": 19 },
        "end": { "line": 15, "column": 32 }
      },
      "8": {
        "start": { "line": 16, "column": 19 },
        "end": { "line": 16, "column": 32 }
      },
      "9": {
        "start": { "line": 17, "column": 19 },
        "end": { "line": 17, "column": 32 }
      },
      "10": {
        "start": { "line": 18, "column": 40 },
        "end": { "line": 18, "column": 78 }
      },
      "11": {
        "start": { "line": 18, "column": 20 },
        "end": { "line": 18, "column": 22 }
      },
      "12": {
        "start": { "line": 18, "column": 36 },
        "end": { "line": 18, "column": 40 }
      },
      "13": {
        "start": { "line": 20, "column": 2 },
        "end": { "line": 50, "column": 27 }
      },
      "14": {
        "start": { "line": 21, "column": 25 },
        "end": { "line": 21, "column": 61 }
      },
      "15": {
        "start": { "line": 22, "column": 17 },
        "end": { "line": 22, "column": 41 }
      },
      "16": {
        "start": { "line": 24, "column": 4 },
        "end": { "line": 49, "column": null }
      },
      "17": {
        "start": { "line": 25, "column": 6 },
        "end": { "line": 25, "column": 40 }
      },
      "18": {
        "start": { "line": 27, "column": 31 },
        "end": { "line": 41, "column": 8 }
      },
      "19": {
        "start": { "line": 27, "column": 50 },
        "end": { "line": 41, "column": 8 }
      },
      "20": {
        "start": { "line": 29, "column": 10 },
        "end": { "line": 29, "column": 44 }
      },
      "21": {
        "start": { "line": 30, "column": 27 },
        "end": { "line": 32, "column": null }
      },
      "22": {
        "start": { "line": 30, "column": 16 },
        "end": { "line": 32, "column": null }
      },
      "23": {
        "start": { "line": 33, "column": 23 },
        "end": { "line": 33, "column": null }
      },
      "24": {
        "start": { "line": 33, "column": 16 },
        "end": { "line": 33, "column": null }
      },
      "25": {
        "start": { "line": 34, "column": 10 },
        "end": { "line": 34, "column": 45 }
      },
      "26": {
        "start": { "line": 35, "column": 10 },
        "end": { "line": 35, "column": 52 }
      },
      "27": {
        "start": { "line": 37, "column": 10 },
        "end": { "line": 37, "column": 45 }
      },
      "28": {
        "start": { "line": 38, "column": 10 },
        "end": { "line": 38, "column": 58 }
      },
      "29": {
        "start": { "line": 39, "column": 10 },
        "end": { "line": 39, "column": 22 }
      },
      "30": {
        "start": { "line": 43, "column": 6 },
        "end": { "line": 48, "column": 9 }
      },
      "31": {
        "start": { "line": 44, "column": 8 },
        "end": { "line": 46, "column": null }
      },
      "32": {
        "start": { "line": 45, "column": 10 },
        "end": { "line": 45, "column": 31 }
      },
      "33": {
        "start": { "line": 47, "column": 8 },
        "end": { "line": 47, "column": 43 }
      },
      "34": {
        "start": { "line": 52, "column": 27 },
        "end": { "line": 54, "column": 3 }
      },
      "35": {
        "start": { "line": 53, "column": 4 },
        "end": { "line": 53, "column": 24 }
      },
      "36": {
        "start": { "line": 56, "column": 2 },
        "end": { "line": 73, "column": 4 }
      },
      "37": {
        "start": { "line": 76, "column": 0 },
        "end": { "line": 76, "column": 23 }
      }
    },
    "fnMap": {
      "0": {
        "name": "(anonymous_14)",
        "decl": {
          "start": { "line": 14, "column": 16 },
          "end": { "line": 14, "column": null }
        },
        "loc": {
          "start": { "line": 14, "column": 16 },
          "end": { "line": 74, "column": 1 }
        }
      },
      "1": {
        "name": "(anonymous_15)",
        "decl": {
          "start": { "line": 20, "column": 12 },
          "end": { "line": 20, "column": null }
        },
        "loc": {
          "start": { "line": 20, "column": 12 },
          "end": { "line": 50, "column": 3 }
        }
      },
      "2": {
        "name": "(anonymous_16)",
        "decl": {
          "start": { "line": 27, "column": 31 },
          "end": { "line": 27, "column": 38 }
        },
        "loc": {
          "start": { "line": 27, "column": 50 },
          "end": { "line": 41, "column": 8 }
        }
      },
      "3": {
        "name": "(anonymous_17)",
        "decl": {
          "start": { "line": 27, "column": 50 },
          "end": { "line": 27, "column": null }
        },
        "loc": {
          "start": { "line": 27, "column": 50 },
          "end": { "line": 41, "column": 8 }
        }
      },
      "4": {
        "name": "(anonymous_19)",
        "decl": {
          "start": { "line": 43, "column": 34 },
          "end": { "line": 43, "column": 35 }
        },
        "loc": {
          "start": { "line": 43, "column": 39 },
          "end": { "line": 48, "column": 7 }
        }
      },
      "5": {
        "name": "(anonymous_20)",
        "decl": {
          "start": { "line": 52, "column": 27 },
          "end": { "line": 52, "column": null }
        },
        "loc": {
          "start": { "line": 52, "column": 27 },
          "end": { "line": 54, "column": 3 }
        }
      }
    },
    "branchMap": {
      "0": {
        "loc": {
          "start": { "line": 24, "column": 4 },
          "end": { "line": 49, "column": null }
        },
        "type": "if",
        "locations": [
          {
            "start": { "line": 24, "column": 4 },
            "end": { "line": 49, "column": null }
          }
        ]
      },
      "1": {
        "loc": {
          "start": { "line": 44, "column": 8 },
          "end": { "line": 46, "column": null }
        },
        "type": "if",
        "locations": [
          {
            "start": { "line": 44, "column": 8 },
            "end": { "line": 46, "column": null }
          }
        ]
      },
      "2": {
        "loc": {
          "start": { "line": 59, "column": 9 },
          "end": { "line": 69, "column": null }
        },
        "type": "cond-expr",
        "locations": [
          {
            "start": { "line": 60, "column": 10 },
            "end": { "line": 66, "column": null }
          },
          {
            "start": { "line": 69, "column": 10 },
            "end": { "line": 69, "column": 35 }
          }
        ]
      }
    },
    "s": {
      "0": 1,
      "1": 1,
      "2": 1,
      "3": 1,
      "4": 1,
      "5": 1,
      "6": 1,
      "7": 8,
      "8": 8,
      "9": 8,
      "10": 8,
      "11": 8,
      "12": 8,
      "13": 8,
      "14": 5,
      "15": 5,
      "16": 5,
      "17": 3,
      "18": 3,
      "19": 3,
      "20": 3,
      "21": 3,
      "22": 3,
      "23": 3,
      "24": 3,
      "25": 3,
      "26": 3,
      "27": 0,
      "28": 0,
      "29": 0,
      "30": 3,
      "31": 3,
      "32": 3,
      "33": 3,
      "34": 8,
      "35": 1,
      "36": 8,
      "37": 1
    },
    "f": { "0": 8, "1": 5, "2": 3, "3": 3, "4": 3, "5": 1 },
    "b": { "0": [3], "1": [3], "2": [4, 4] }
  },
  "C:\\Users\\alima\\Desktop\\Components\\components\\src\\components\\Pagination.tsx": {
    "path": "C:\\Users\\alima\\Desktop\\Components\\components\\src\\components\\Pagination.tsx",
    "statementMap": {
      "0": {
        "start": { "line": 1, "column": 0 },
        "end": { "line": 1, "column": 26 }
      },
      "1": {
        "start": { "line": 2, "column": 0 },
        "end": { "line": 2, "column": 55 }
      },
      "2": {
        "start": { "line": 3, "column": 0 },
        "end": { "line": 3, "column": 57 }
      },
      "3": {
        "start": { "line": 13, "column": 46 },
        "end": { "line": 58, "column": 1 }
      },
      "4": {
        "start": { "line": 14, "column": 13 },
        "end": { "line": 14, "column": null }
      },
      "5": {
        "start": { "line": 15, "column": 12 },
        "end": { "line": 15, "column": null }
      },
      "6": {
        "start": { "line": 16, "column": 14 },
        "end": { "line": 16, "column": null }
      },
      "7": {
        "start": { "line": 17, "column": 18 },
        "end": { "line": 17, "column": null }
      },
      "8": {
        "start": { "line": 19, "column": 19 },
        "end": { "line": 19, "column": 32 }
      },
      "9": {
        "start": { "line": 20, "column": 23 },
        "end": { "line": 21, "column": null }
      },
      "10": {
        "start": { "line": 21, "column": 26 },
        "end": { "line": 21, "column": null }
      },
      "11": {
        "start": { "line": 23, "column": 20 },
        "end": { "line": 23, "column": 31 }
      },
      "12": {
        "start": { "line": 25, "column": 31 },
        "end": { "line": 28, "column": 3 }
      },
      "13": {
        "start": { "line": 26, "column": 4 },
        "end": { "line": 26, "column": 31 }
      },
      "14": {
        "start": { "line": 27, "column": 4 },
        "end": { "line": 27, "column": 41 }
      },
      "15": {
        "start": { "line": 30, "column": 22 },
        "end": { "line": 32, "column": null }
      },
      "16": {
        "start": { "line": 32, "column": 18 },
        "end": { "line": 32, "column": null }
      },
      "17": {
        "start": { "line": 35, "column": 2 },
        "end": { "line": 57, "column": 4 }
      },
      "18": {
        "start": { "line": 39, "column": 33 },
        "end": { "line": 39, "column": null }
      },
      "19": {
        "start": { "line": 40, "column": 35 },
        "end": { "line": 44, "column": 12 }
      },
      "20": {
        "start": { "line": 48, "column": 37 },
        "end": { "line": 54, "column": 10 }
      },
      "21": {
        "start": { "line": 50, "column": 49 },
        "end": { "line": 50, "column": null }
      },
      "22": {
        "start": { "line": 60, "column": 0 },
        "end": { "line": 60, "column": 26 }
      }
    },
    "fnMap": {
      "0": {
        "name": "(anonymous_1)",
        "decl": {
          "start": { "line": 13, "column": 46 },
          "end": { "line": 13, "column": 47 }
        },
        "loc": {
          "start": { "line": 18, "column": 1 },
          "end": { "line": 58, "column": 1 }
        }
      },
      "1": {
        "name": "(anonymous_2)",
        "decl": {
          "start": { "line": 21, "column": 4 },
          "end": { "line": 21, "column": 5 }
        },
        "loc": {
          "start": { "line": 21, "column": 21 },
          "end": { "line": 21, "column": 31 }
        }
      },
      "2": {
        "name": "(anonymous_3)",
        "decl": {
          "start": { "line": 25, "column": 31 },
          "end": { "line": 25, "column": 32 }
        },
        "loc": {
          "start": { "line": 25, "column": 48 },
          "end": { "line": 28, "column": 3 }
        }
      },
      "3": {
        "name": "(anonymous_4)",
        "decl": {
          "start": { "line": 32, "column": 4 },
          "end": { "line": 32, "column": 5 }
        },
        "loc": {
          "start": { "line": 32, "column": 13 },
          "end": { "line": 32, "column": 23 }
        }
      },
      "4": {
        "name": "(anonymous_5)",
        "decl": {
          "start": { "line": 39, "column": 26 },
          "end": { "line": 39, "column": 27 }
        },
        "loc": {
          "start": { "line": 39, "column": 28 },
          "end": { "line": 39, "column": 53 }
        }
      },
      "5": {
        "name": "(anonymous_6)",
        "decl": {
          "start": { "line": 40, "column": 25 },
          "end": { "line": 40, "column": 26 }
        },
        "loc": {
          "start": { "line": 40, "column": 30 },
          "end": { "line": 40, "column": null }
        }
      },
      "6": {
        "name": "(anonymous_7)",
        "decl": {
          "start": { "line": 48, "column": 25 },
          "end": { "line": 48, "column": 26 }
        },
        "loc": {
          "start": { "line": 48, "column": 32 },
          "end": { "line": 48, "column": null }
        }
      },
      "7": {
        "name": "(anonymous_8)",
        "decl": {
          "start": { "line": 50, "column": 43 },
          "end": { "line": 50, "column": 49 }
        },
        "loc": {
          "start": { "line": 50, "column": 43 },
          "end": { "line": 50, "column": 61 }
        }
      }
    },
    "branchMap": {
      "0": {
        "loc": {
          "start": { "line": 49, "column": 38 },
          "end": { "line": 49, "column": 76 }
        },
        "type": "cond-expr",
        "locations": [
          {
            "start": { "line": 49, "column": 63 },
            "end": { "line": 49, "column": 71 }
          },
          {
            "start": { "line": 49, "column": 74 },
            "end": { "line": 49, "column": 76 }
          }
        ]
      }
    },
    "s": {
      "0": 1,
      "1": 1,
      "2": 1,
      "3": 1,
      "4": 4,
      "5": 4,
      "6": 4,
      "7": 4,
      "8": 4,
      "9": 4,
      "10": 8,
      "11": 4,
      "12": 4,
      "13": 1,
      "14": 1,
      "15": 4,
      "16": 14,
      "17": 4,
      "18": 1,
      "19": 12,
      "20": 14,
      "21": 1,
      "22": 1
    },
    "f": { "0": 4, "1": 8, "2": 1, "3": 14, "4": 1, "5": 12, "6": 14, "7": 1 },
    "b": { "0": [4, 10] }
  },
  "C:\\Users\\alima\\Desktop\\Components\\components\\src\\components\\Search.tsx": {
    "path": "C:\\Users\\alima\\Desktop\\Components\\components\\src\\components\\Search.tsx",
    "statementMap": {
      "0": {
        "start": { "line": 1, "column": 0 },
        "end": { "line": 1, "column": 26 }
      },
      "1": {
        "start": { "line": 3, "column": 0 },
        "end": { "line": 3, "column": 43 }
      },
      "2": {
        "start": { "line": 4, "column": 0 },
        "end": { "line": 4, "column": 55 }
      },
      "3": {
        "start": { "line": 5, "column": 0 },
        "end": { "line": 5, "column": 55 }
      },
      "4": {
        "start": { "line": 14, "column": 15 },
        "end": { "line": 37, "column": 1 }
      },
      "5": {
        "start": { "line": 15, "column": 19 },
        "end": { "line": 15, "column": 32 }
      },
      "6": {
        "start": { "line": 16, "column": 25 },
        "end": { "line": 16, "column": 76 }
      },
      "7": {
        "start": { "line": 16, "column": 59 },
        "end": { "line": 16, "column": 75 }
      },
      "8": {
        "start": { "line": 17, "column": 28 },
        "end": { "line": 17, "column": 45 }
      },
      "9": {
        "start": { "line": 19, "column": 2 },
        "end": { "line": 36, "column": 4 }
      },
      "10": {
        "start": { "line": 25, "column": 10 },
        "end": { "line": 25, "column": 40 }
      },
      "11": {
        "start": { "line": 26, "column": 23 },
        "end": { "line": 26, "column": 44 }
      },
      "12": {
        "start": { "line": 27, "column": 10 },
        "end": { "line": 27, "column": 41 }
      },
      "13": {
        "start": { "line": 28, "column": 10 },
        "end": { "line": 28, "column": 38 }
      },
      "14": {
        "start": { "line": 39, "column": 0 },
        "end": { "line": 39, "column": 22 }
      }
    },
    "fnMap": {
      "0": {
        "name": "(anonymous_1)",
        "decl": {
          "start": { "line": 14, "column": 15 },
          "end": { "line": 14, "column": 16 }
        },
        "loc": {
          "start": { "line": 14, "column": 34 },
          "end": { "line": 37, "column": 1 }
        }
      },
      "1": {
        "name": "(anonymous_2)",
        "decl": {
          "start": { "line": 16, "column": 37 },
          "end": { "line": 16, "column": 38 }
        },
        "loc": {
          "start": { "line": 16, "column": 54 },
          "end": { "line": 16, "column": 64 }
        }
      },
      "2": {
        "name": "(anonymous_3)",
        "decl": {
          "start": { "line": 24, "column": 18 },
          "end": { "line": 24, "column": 19 }
        },
        "loc": {
          "start": { "line": 24, "column": 20 },
          "end": { "line": 29, "column": 9 }
        }
      }
    },
    "branchMap": {},
    "s": {
      "0": 1,
      "1": 1,
      "2": 1,
      "3": 1,
      "4": 1,
      "5": 14,
      "6": 14,
      "7": 28,
      "8": 14,
      "9": 14,
      "10": 4,
      "11": 4,
      "12": 4,
      "13": 4,
      "14": 1
    },
    "f": { "0": 14, "1": 28, "2": 4 },
    "b": {}
  },
  "C:\\Users\\alima\\Desktop\\Components\\components\\src\\query\\store.ts": {
    "path": "C:\\Users\\alima\\Desktop\\Components\\components\\src\\query\\store.ts",
    "statementMap": {
      "0": {
        "start": { "line": 1, "column": 0 },
        "end": { "line": 1, "column": 50 }
      },
      "1": {
        "start": { "line": 2, "column": 0 },
        "end": { "line": 2, "column": 50 }
      },
      "2": {
        "start": { "line": 4, "column": 14 },
        "end": { "line": 6, "column": 2 }
      },
      "3": {
        "start": { "line": 7, "column": 0 },
        "end": { "line": 7, "column": 21 }
      }
    },
    "fnMap": {},
    "branchMap": {},
    "s": { "0": 3, "1": 3, "2": 3, "3": 3 },
    "f": {},
    "b": {}
  },
  "C:\\Users\\alima\\Desktop\\Components\\components\\src\\reducers\\rootReducer.ts": {
    "path": "C:\\Users\\alima\\Desktop\\Components\\components\\src\\reducers\\rootReducer.ts",
    "statementMap": {
      "0": {
        "start": { "line": 1, "column": 0 },
        "end": { "line": 1, "column": 51 }
      },
      "1": {
        "start": { "line": 2, "column": 0 },
        "end": { "line": 2, "column": 43 }
      },
      "2": {
        "start": { "line": 4, "column": 20 },
        "end": { "line": 6, "column": 2 }
      },
      "3": {
        "start": { "line": 10, "column": 0 },
        "end": { "line": 10, "column": 27 }
      }
    },
    "fnMap": {},
    "branchMap": {},
    "s": { "0": 3, "1": 3, "2": 3, "3": 3 },
    "f": {},
    "b": {}
  },
  "C:\\Users\\alima\\Desktop\\Components\\components\\src\\reducers\\starships.ts": {
    "path": "C:\\Users\\alima\\Desktop\\Components\\components\\src\\reducers\\starships.ts",
    "statementMap": {
      "0": {
        "start": { "line": 1, "column": 0 },
        "end": { "line": 1, "column": 62 }
      },
      "1": {
        "start": { "line": 14, "column": 37 },
        "end": { "line": 22, "column": 2 }
      },
      "2": {
        "start": { "line": 24, "column": 13 },
        "end": { "line": 53, "column": 3 }
      },
      "3": {
        "start": { "line": 29, "column": 6 },
        "end": { "line": 29, "column": 29 }
      },
      "4": {
        "start": { "line": 30, "column": 6 },
        "end": { "line": 30, "column": 25 }
      },
      "5": {
        "start": { "line": 33, "column": 6 },
        "end": { "line": 33, "column": 34 }
      },
      "6": {
        "start": { "line": 34, "column": 6 },
        "end": { "line": 34, "column": 30 }
      },
      "7": {
        "start": { "line": 37, "column": 6 },
        "end": { "line": 37, "column": 35 }
      },
      "8": {
        "start": { "line": 38, "column": 6 },
        "end": { "line": 38, "column": 30 }
      },
      "9": {
        "start": { "line": 41, "column": 6 },
        "end": { "line": 41, "column": 40 }
      },
      "10": {
        "start": { "line": 44, "column": 6 },
        "end": { "line": 44, "column": 42 }
      },
      "11": {
        "start": { "line": 47, "column": 6 },
        "end": { "line": 47, "column": 40 }
      },
      "12": {
        "start": { "line": 50, "column": 6 },
        "end": { "line": 50, "column": 44 }
      },
      "13": {
        "start": { "line": 56, "column": 2 },
        "end": { "line": 62, "column": null }
      },
      "14": {
        "start": { "line": 65, "column": 0 },
        "end": { "line": 65, "column": 38 }
      }
    },
    "fnMap": {
      "0": {
        "name": "(anonymous_0)",
        "decl": {
          "start": { "line": 28, "column": 25 },
          "end": { "line": 28, "column": 26 }
        },
        "loc": {
          "start": { "line": 28, "column": 31 },
          "end": { "line": 31, "column": 5 }
        }
      },
      "1": {
        "name": "(anonymous_1)",
        "decl": {
          "start": { "line": 32, "column": 27 },
          "end": { "line": 32, "column": 28 }
        },
        "loc": {
          "start": { "line": 32, "column": 68 },
          "end": { "line": 35, "column": 5 }
        }
      },
      "2": {
        "name": "(anonymous_2)",
        "decl": {
          "start": { "line": 36, "column": 27 },
          "end": { "line": 36, "column": 28 }
        },
        "loc": {
          "start": { "line": 36, "column": 64 },
          "end": { "line": 39, "column": 5 }
        }
      },
      "3": {
        "name": "(anonymous_3)",
        "decl": {
          "start": { "line": 40, "column": 20 },
          "end": { "line": 40, "column": 21 }
        },
        "loc": {
          "start": { "line": 40, "column": 57 },
          "end": { "line": 42, "column": 5 }
        }
      },
      "4": {
        "name": "(anonymous_4)",
        "decl": {
          "start": { "line": 43, "column": 22 },
          "end": { "line": 43, "column": 23 }
        },
        "loc": {
          "start": { "line": 43, "column": 59 },
          "end": { "line": 45, "column": 5 }
        }
      },
      "5": {
        "name": "(anonymous_5)",
        "decl": {
          "start": { "line": 46, "column": 19 },
          "end": { "line": 46, "column": 20 }
        },
        "loc": {
          "start": { "line": 46, "column": 57 },
          "end": { "line": 48, "column": 5 }
        }
      },
      "6": {
        "name": "(anonymous_6)",
        "decl": {
          "start": { "line": 49, "column": 23 },
          "end": { "line": 49, "column": 24 }
        },
        "loc": {
          "start": { "line": 49, "column": 61 },
          "end": { "line": 51, "column": 5 }
        }
      }
    },
    "branchMap": {},
    "s": {
      "0": 3,
      "1": 3,
      "2": 3,
      "3": 0,
      "4": 0,
      "5": 0,
      "6": 0,
      "7": 0,
      "8": 0,
      "9": 4,
      "10": 1,
      "11": 0,
      "12": 12,
      "13": 3,
      "14": 3
    },
    "f": { "0": 0, "1": 0, "2": 0, "3": 4, "4": 1, "5": 0, "6": 12 },
    "b": {}
  }
}
