{"C:\\Users\\alima\\Desktop\\Components\\components\\src\\components\\Card.tsx": {"path":"C:\\Users\\alima\\Desktop\\Components\\components\\src\\components\\Card.tsx","statementMap":{"0":{"start":{"line":1,"column":0},"end":{"line":1,"column":26}},"1":{"start":{"line":9,"column":34},"end":{"line":21,"column":1}},"2":{"start":{"line":9,"column":41},"end":{"line":9,"column":43}},"3":{"start":{"line":9,"column":54},"end":{"line":9,"column":56}},"4":{"start":{"line":10,"column":2},"end":{"line":20,"column":4}},"5":{"start":{"line":13,"column":21},"end":{"line":13,"column":null}},"6":{"start":{"line":23,"column":0},"end":{"line":23,"column":20}}},"fnMap":{"0":{"name":"(anonymous_1)","decl":{"start":{"line":9,"column":34},"end":{"line":9,"column":35}},"loc":{"start":{"line":9,"column":56},"end":{"line":21,"column":1}}},"1":{"name":"(anonymous_2)","decl":{"start":{"line":13,"column":15},"end":{"line":13,"column":21}},"loc":{"start":{"line":13,"column":15},"end":{"line":13,"column":32}}}},"branchMap":{},"s":{"0":2,"1":2,"2":8,"3":8,"4":8,"5":2,"6":2},"f":{"0":8,"1":2},"b":{}}
,"C:\\Users\\alima\\Desktop\\Components\\components\\src\\components\\CardList.tsx": {"path":"C:\\Users\\alima\\Desktop\\Components\\components\\src\\components\\CardList.tsx","statementMap":{"0":{"start":{"line":1,"column":0},"end":{"line":1,"column":40}},"1":{"start":{"line":2,"column":0},"end":{"line":2,"column":55}},"2":{"start":{"line":3,"column":0},"end":{"line":3,"column":43}},"3":{"start":{"line":4,"column":0},"end":{"line":4,"column":26}},"4":{"start":{"line":16,"column":52},"end":{"line":59,"column":1}},"5":{"start":{"line":17,"column":2},"end":{"line":17,"column":19}},"6":{"start":{"line":18,"column":19},"end":{"line":18,"column":32}},"7":{"start":{"line":19,"column":42},"end":{"line":19,"column":73}},"8":{"start":{"line":19,"column":21},"end":{"line":19,"column":23}},"9":{"start":{"line":19,"column":38},"end":{"line":19,"column":42}},"10":{"start":{"line":21,"column":23},"end":{"line":23,"column":3}},"11":{"start":{"line":22,"column":4},"end":{"line":22,"column":52}},"12":{"start":{"line":25,"column":26},"end":{"line":28,"column":3}},"13":{"start":{"line":26,"column":4},"end":{"line":26,"column":26}},"14":{"start":{"line":27,"column":4},"end":{"line":27,"column":51}},"15":{"start":{"line":30,"column":24},"end":{"line":39,"column":3}},"16":{"start":{"line":31,"column":4},"end":{"line":38,"column":6}},"17":{"start":{"line":34,"column":45},"end":{"line":36,"column":10}},"18":{"start":{"line":41,"column":2},"end":{"line":58,"column":4}},"19":{"start":{"line":47,"column":51},"end":{"line":47,"column":null}},"20":{"start":{"line":61,"column":0},"end":{"line":61,"column":29}}},"fnMap":{"0":{"name":"(anonymous_7)","decl":{"start":{"line":16,"column":52},"end":{"line":16,"column":53}},"loc":{"start":{"line":16,"column":58},"end":{"line":59,"column":1}}},"1":{"name":"(anonymous_8)","decl":{"start":{"line":21,"column":23},"end":{"line":21,"column":null}},"loc":{"start":{"line":21,"column":23},"end":{"line":23,"column":3}}},"2":{"name":"(anonymous_9)","decl":{"start":{"line":25,"column":26},"end":{"line":25,"column":27}},"loc":{"start":{"line":25,"column":41},"end":{"line":28,"column":3}}},"3":{"name":"(anonymous_10)","decl":{"start":{"line":30,"column":24},"end":{"line":30,"column":null}},"loc":{"start":{"line":30,"column":24},"end":{"line":39,"column":3}}},"4":{"name":"(anonymous_11)","decl":{"start":{"line":34,"column":33},"end":{"line":34,"column":34}},"loc":{"start":{"line":34,"column":40},"end":{"line":34,"column":null}}},"5":{"name":"(anonymous_12)","decl":{"start":{"line":47,"column":45},"end":{"line":47,"column":51}},"loc":{"start":{"line":47,"column":45},"end":{"line":47,"column":66}}}},"branchMap":{"0":{"loc":{"start":{"line":32,"column":39},"end":{"line":32,"column":72}},"type":"cond-expr","locations":[{"start":{"line":32,"column":54},"end":{"line":32,"column":67}},{"start":{"line":32,"column":70},"end":{"line":32,"column":72}}]},"1":{"loc":{"start":{"line":33,"column":9},"end":{"line":33,"column":48}},"type":"cond-expr","locations":[{"start":{"line":33,"column":27},"end":{"line":33,"column":41}},{"start":{"line":33,"column":44},"end":{"line":33,"column":48}}]},"2":{"loc":{"start":{"line":44,"column":7},"end":{"line":55,"column":null}},"type":"binary-expr","locations":[{"start":{"line":44,"column":7},"end":{"line":44,"column":19}},{"start":{"line":45,"column":8},"end":{"line":54,"column":null}}]}},"s":{"0":1,"1":1,"2":1,"3":1,"4":1,"5":3,"6":3,"7":3,"8":3,"9":3,"10":3,"11":0,"12":3,"13":1,"14":1,"15":3,"16":3,"17":6,"18":3,"19":0,"20":1},"f":{"0":3,"1":0,"2":1,"3":3,"4":6,"5":0},"b":{"0":[1,2],"1":[0,3],"2":[3,1]}}
,"C:\\Users\\alima\\Desktop\\Components\\components\\src\\components\\Context.tsx": {"path":"C:\\Users\\alima\\Desktop\\Components\\components\\src\\components\\Context.tsx","statementMap":{"0":{"start":{"line":1,"column":0},"end":{"line":1,"column":78}},"1":{"start":{"line":11,"column":27},"end":{"line":12,"column":null}},"2":{"start":{"line":15,"column":30},"end":{"line":21,"column":1}},"3":{"start":{"line":16,"column":18},"end":{"line":16,"column":48}},"4":{"start":{"line":17,"column":2},"end":{"line":19,"column":null}},"5":{"start":{"line":18,"column":4},"end":{"line":18,"column":80}},"6":{"start":{"line":20,"column":2},"end":{"line":20,"column":17}},"7":{"start":{"line":15,"column":13},"end":{"line":15,"column":30}},"8":{"start":{"line":23,"column":35},"end":{"line":39,"column":1}},"9":{"start":{"line":23,"column":46},"end":{"line":23,"column":73}},"10":{"start":{"line":24,"column":38},"end":{"line":24,"column":50}},"11":{"start":{"line":24,"column":19},"end":{"line":24,"column":21}},"12":{"start":{"line":24,"column":34},"end":{"line":24,"column":38}},"13":{"start":{"line":25,"column":44},"end":{"line":25,"column":68}},"14":{"start":{"line":25,"column":22},"end":{"line":25,"column":24}},"15":{"start":{"line":25,"column":40},"end":{"line":25,"column":44}},"16":{"start":{"line":27,"column":2},"end":{"line":38,"column":4}},"17":{"start":{"line":23,"column":13},"end":{"line":23,"column":35}}},"fnMap":{"0":{"name":"(anonymous_6)","decl":{"start":{"line":15,"column":30},"end":{"line":15,"column":null}},"loc":{"start":{"line":15,"column":30},"end":{"line":21,"column":1}}},"1":{"name":"(anonymous_7)","decl":{"start":{"line":23,"column":35},"end":{"line":23,"column":36}},"loc":{"start":{"line":23,"column":73},"end":{"line":39,"column":1}}}},"branchMap":{"0":{"loc":{"start":{"line":17,"column":2},"end":{"line":19,"column":null}},"type":"if","locations":[{"start":{"line":17,"column":2},"end":{"line":19,"column":null}}]}},"s":{"0":2,"1":2,"2":2,"3":3,"4":3,"5":0,"6":3,"7":2,"8":2,"9":2,"10":2,"11":2,"12":2,"13":2,"14":2,"15":2,"16":2,"17":2},"f":{"0":3,"1":2},"b":{"0":[0]}}
,"C:\\Users\\alima\\Desktop\\Components\\components\\src\\components\\Details.tsx": {"path":"C:\\Users\\alima\\Desktop\\Components\\components\\src\\components\\Details.tsx","statementMap":{"0":{"start":{"line":1,"column":0},"end":{"line":1,"column":26}},"1":{"start":{"line":2,"column":0},"end":{"line":2,"column":44}},"2":{"start":{"line":3,"column":0},"end":{"line":3,"column":60}},"3":{"start":{"line":4,"column":0},"end":{"line":4,"column":23}},"4":{"start":{"line":12,"column":16},"end":{"line":65,"column":1}},"5":{"start":{"line":13,"column":19},"end":{"line":13,"column":32}},"6":{"start":{"line":14,"column":19},"end":{"line":14,"column":32}},"7":{"start":{"line":15,"column":40},"end":{"line":15,"column":78}},"8":{"start":{"line":15,"column":20},"end":{"line":15,"column":22}},"9":{"start":{"line":15,"column":36},"end":{"line":15,"column":40}},"10":{"start":{"line":17,"column":27},"end":{"line":28,"column":4}},"11":{"start":{"line":17,"column":46},"end":{"line":28,"column":4}},"12":{"start":{"line":19,"column":23},"end":{"line":21,"column":null}},"13":{"start":{"line":19,"column":12},"end":{"line":21,"column":null}},"14":{"start":{"line":22,"column":19},"end":{"line":22,"column":null}},"15":{"start":{"line":22,"column":12},"end":{"line":22,"column":null}},"16":{"start":{"line":23,"column":6},"end":{"line":23,"column":48}},"17":{"start":{"line":25,"column":6},"end":{"line":25,"column":54}},"18":{"start":{"line":26,"column":6},"end":{"line":26,"column":18}},"19":{"start":{"line":30,"column":2},"end":{"line":41,"column":17}},"20":{"start":{"line":31,"column":25},"end":{"line":31,"column":61}},"21":{"start":{"line":32,"column":17},"end":{"line":32,"column":41}},"22":{"start":{"line":34,"column":4},"end":{"line":40,"column":null}},"23":{"start":{"line":35,"column":6},"end":{"line":39,"column":9}},"24":{"start":{"line":36,"column":8},"end":{"line":38,"column":null}},"25":{"start":{"line":37,"column":10},"end":{"line":37,"column":31}},"26":{"start":{"line":43,"column":27},"end":{"line":45,"column":3}},"27":{"start":{"line":44,"column":4},"end":{"line":44,"column":24}},"28":{"start":{"line":47,"column":2},"end":{"line":64,"column":4}},"29":{"start":{"line":67,"column":0},"end":{"line":67,"column":23}}},"fnMap":{"0":{"name":"(anonymous_14)","decl":{"start":{"line":12,"column":16},"end":{"line":12,"column":null}},"loc":{"start":{"line":12,"column":16},"end":{"line":65,"column":1}}},"1":{"name":"(anonymous_15)","decl":{"start":{"line":17,"column":27},"end":{"line":17,"column":34}},"loc":{"start":{"line":17,"column":46},"end":{"line":28,"column":4}}},"2":{"name":"(anonymous_16)","decl":{"start":{"line":17,"column":46},"end":{"line":17,"column":null}},"loc":{"start":{"line":17,"column":46},"end":{"line":28,"column":4}}},"3":{"name":"(anonymous_18)","decl":{"start":{"line":30,"column":12},"end":{"line":30,"column":null}},"loc":{"start":{"line":30,"column":12},"end":{"line":41,"column":3}}},"4":{"name":"(anonymous_19)","decl":{"start":{"line":35,"column":34},"end":{"line":35,"column":35}},"loc":{"start":{"line":35,"column":39},"end":{"line":39,"column":7}}},"5":{"name":"(anonymous_20)","decl":{"start":{"line":43,"column":27},"end":{"line":43,"column":null}},"loc":{"start":{"line":43,"column":27},"end":{"line":45,"column":3}}}},"branchMap":{"0":{"loc":{"start":{"line":34,"column":4},"end":{"line":40,"column":null}},"type":"if","locations":[{"start":{"line":34,"column":4},"end":{"line":40,"column":null}}]},"1":{"loc":{"start":{"line":36,"column":8},"end":{"line":38,"column":null}},"type":"if","locations":[{"start":{"line":36,"column":8},"end":{"line":38,"column":null}}]},"2":{"loc":{"start":{"line":50,"column":9},"end":{"line":60,"column":null}},"type":"cond-expr","locations":[{"start":{"line":51,"column":10},"end":{"line":57,"column":null}},{"start":{"line":60,"column":10},"end":{"line":60,"column":35}}]}},"s":{"0":1,"1":1,"2":1,"3":1,"4":1,"5":12,"6":12,"7":12,"8":12,"9":12,"10":12,"11":5,"12":5,"13":5,"14":4,"15":4,"16":4,"17":1,"18":1,"19":12,"20":8,"21":8,"22":8,"23":5,"24":5,"25":4,"26":12,"27":2,"28":12,"29":1},"f":{"0":12,"1":5,"2":5,"3":8,"4":5,"5":2},"b":{"0":[5],"1":[4],"2":[6,6]}}
,"C:\\Users\\alima\\Desktop\\Components\\components\\src\\components\\Pagination.tsx": {"path":"C:\\Users\\alima\\Desktop\\Components\\components\\src\\components\\Pagination.tsx","statementMap":{"0":{"start":{"line":1,"column":0},"end":{"line":1,"column":26}},"1":{"start":{"line":10,"column":46},"end":{"line":46,"column":1}},"2":{"start":{"line":11,"column":13},"end":{"line":11,"column":null}},"3":{"start":{"line":12,"column":12},"end":{"line":12,"column":null}},"4":{"start":{"line":13,"column":14},"end":{"line":13,"column":null}},"5":{"start":{"line":14,"column":18},"end":{"line":14,"column":null}},"6":{"start":{"line":16,"column":22},"end":{"line":16,"column":24}},"7":{"start":{"line":17,"column":20},"end":{"line":17,"column":31}},"8":{"start":{"line":19,"column":2},"end":{"line":21,"column":null}},"9":{"start":{"line":19,"column":15},"end":{"line":19,"column":16}},"10":{"start":{"line":20,"column":4},"end":{"line":20,"column":24}},"11":{"start":{"line":23,"column":2},"end":{"line":45,"column":4}},"12":{"start":{"line":27,"column":33},"end":{"line":27,"column":null}},"13":{"start":{"line":28,"column":35},"end":{"line":32,"column":12}},"14":{"start":{"line":36,"column":37},"end":{"line":42,"column":10}},"15":{"start":{"line":38,"column":49},"end":{"line":38,"column":null}},"16":{"start":{"line":48,"column":0},"end":{"line":48,"column":26}}},"fnMap":{"0":{"name":"(anonymous_1)","decl":{"start":{"line":10,"column":46},"end":{"line":10,"column":47}},"loc":{"start":{"line":15,"column":1},"end":{"line":46,"column":1}}},"1":{"name":"(anonymous_2)","decl":{"start":{"line":27,"column":26},"end":{"line":27,"column":27}},"loc":{"start":{"line":27,"column":28},"end":{"line":27,"column":49}}},"2":{"name":"(anonymous_3)","decl":{"start":{"line":28,"column":25},"end":{"line":28,"column":26}},"loc":{"start":{"line":28,"column":30},"end":{"line":28,"column":null}}},"3":{"name":"(anonymous_4)","decl":{"start":{"line":36,"column":25},"end":{"line":36,"column":26}},"loc":{"start":{"line":36,"column":32},"end":{"line":36,"column":null}}},"4":{"name":"(anonymous_5)","decl":{"start":{"line":38,"column":43},"end":{"line":38,"column":49}},"loc":{"start":{"line":38,"column":43},"end":{"line":38,"column":61}}}},"branchMap":{"0":{"loc":{"start":{"line":37,"column":38},"end":{"line":37,"column":76}},"type":"cond-expr","locations":[{"start":{"line":37,"column":63},"end":{"line":37,"column":71}},{"start":{"line":37,"column":74},"end":{"line":37,"column":76}}]}},"s":{"0":1,"1":1,"2":3,"3":3,"4":3,"5":3,"6":3,"7":3,"8":3,"9":3,"10":6,"11":3,"12":1,"13":9,"14":6,"15":1,"16":1},"f":{"0":3,"1":1,"2":9,"3":6,"4":1},"b":{"0":[3,3]}}
,"C:\\Users\\alima\\Desktop\\Components\\components\\src\\components\\Search.tsx": {"path":"C:\\Users\\alima\\Desktop\\Components\\components\\src\\components\\Search.tsx","statementMap":{"0":{"start":{"line":1,"column":0},"end":{"line":1,"column":26}},"1":{"start":{"line":3,"column":0},"end":{"line":3,"column":43}},"2":{"start":{"line":11,"column":15},"end":{"line":30,"column":1}},"3":{"start":{"line":12,"column":40},"end":{"line":12,"column":56}},"4":{"start":{"line":12,"column":20},"end":{"line":12,"column":22}},"5":{"start":{"line":12,"column":35},"end":{"line":12,"column":40}},"6":{"start":{"line":14,"column":2},"end":{"line":29,"column":4}},"7":{"start":{"line":20,"column":10},"end":{"line":20,"column":40}},"8":{"start":{"line":21,"column":10},"end":{"line":21,"column":38}},"9":{"start":{"line":32,"column":0},"end":{"line":32,"column":22}}},"fnMap":{"0":{"name":"(anonymous_1)","decl":{"start":{"line":11,"column":15},"end":{"line":11,"column":16}},"loc":{"start":{"line":11,"column":34},"end":{"line":30,"column":1}}},"1":{"name":"(anonymous_2)","decl":{"start":{"line":19,"column":18},"end":{"line":19,"column":19}},"loc":{"start":{"line":19,"column":20},"end":{"line":22,"column":9}}}},"branchMap":{},"s":{"0":1,"1":1,"2":1,"3":4,"4":4,"5":4,"6":4,"7":1,"8":1,"9":1},"f":{"0":4,"1":1},"b":{}}
}
