TN:
SF:src\components\Card.tsx
FN:9,(anonymous_1)
FN:13,(anonymous_2)
FNF:2
FNH:2
FNDA:8,(anonymous_1)
FNDA:2,(anonymous_2)
DA:1,2
DA:9,8
DA:10,8
DA:13,2
DA:23,2
LF:5
LH:5
BRF:0
BRH:0
end_of_record
TN:
SF:src\components\CardList.tsx
FN:16,(anonymous_7)
FN:21,(anonymous_8)
FN:25,(anonymous_9)
FN:30,(anonymous_10)
FN:34,(anonymous_11)
FN:47,(anonymous_12)
FNF:6
FNH:4
FNDA:3,(anonymous_7)
FNDA:0,(anonymous_8)
FNDA:1,(anonymous_9)
FNDA:3,(anonymous_10)
FNDA:6,(anonymous_11)
FNDA:0,(anonymous_12)
DA:1,1
DA:2,1
DA:3,1
DA:4,1
DA:16,1
DA:17,3
DA:18,3
DA:19,3
DA:21,3
DA:22,0
DA:25,3
DA:26,1
DA:27,1
DA:30,3
DA:31,3
DA:34,6
DA:41,3
DA:47,0
DA:61,1
LF:19
LH:17
BRDA:32,0,0,1
BRDA:32,0,1,2
BRDA:33,1,0,0
BRDA:33,1,1,3
BRDA:44,2,0,3
BRDA:44,2,1,1
BRF:6
BRH:5
end_of_record
TN:
SF:src\components\Context.tsx
FN:15,(anonymous_6)
FN:23,(anonymous_7)
FNF:2
FNH:2
FNDA:3,(anonymous_6)
FNDA:2,(anonymous_7)
DA:1,2
DA:11,2
DA:15,2
DA:16,3
DA:17,3
DA:18,0
DA:20,3
DA:23,2
DA:24,2
DA:25,2
DA:27,2
LF:11
LH:10
BRDA:17,0,0,0
BRF:1
BRH:0
end_of_record
TN:
SF:src\components\Details.tsx
FN:12,(anonymous_14)
FN:17,(anonymous_15)
FN:17,(anonymous_16)
FN:30,(anonymous_18)
FN:35,(anonymous_19)
FN:43,(anonymous_20)
FNF:6
FNH:6
FNDA:12,(anonymous_14)
FNDA:5,(anonymous_15)
FNDA:5,(anonymous_16)
FNDA:8,(anonymous_18)
FNDA:5,(anonymous_19)
FNDA:2,(anonymous_20)
DA:1,1
DA:2,1
DA:3,1
DA:4,1
DA:12,1
DA:13,12
DA:14,12
DA:15,12
DA:17,12
DA:19,5
DA:22,4
DA:23,4
DA:25,1
DA:26,1
DA:30,12
DA:31,8
DA:32,8
DA:34,8
DA:35,5
DA:36,5
DA:37,4
DA:43,12
DA:44,2
DA:47,12
DA:67,1
LF:25
LH:25
BRDA:34,0,0,5
BRDA:36,1,0,4
BRDA:50,2,0,6
BRDA:50,2,1,6
BRF:4
BRH:4
end_of_record
TN:
SF:src\components\Pagination.tsx
FN:10,(anonymous_1)
FN:27,(anonymous_2)
FN:28,(anonymous_3)
FN:36,(anonymous_4)
FN:38,(anonymous_5)
FNF:5
FNH:5
FNDA:3,(anonymous_1)
FNDA:1,(anonymous_2)
FNDA:9,(anonymous_3)
FNDA:6,(anonymous_4)
FNDA:1,(anonymous_5)
DA:1,1
DA:10,1
DA:11,3
DA:12,3
DA:13,3
DA:14,3
DA:16,3
DA:17,3
DA:19,3
DA:20,6
DA:23,3
DA:27,1
DA:28,9
DA:36,6
DA:38,1
DA:48,1
LF:16
LH:16
BRDA:37,0,0,3
BRDA:37,0,1,3
BRF:2
BRH:2
end_of_record
TN:
SF:src\components\Search.tsx
FN:11,(anonymous_1)
FN:19,(anonymous_2)
FNF:2
FNH:2
FNDA:4,(anonymous_1)
FNDA:1,(anonymous_2)
DA:1,1
DA:3,1
DA:11,1
DA:12,4
DA:14,4
DA:20,1
DA:21,1
DA:32,1
LF:8
LH:8
BRF:0
BRH:0
end_of_record
